Determining if the pthread_create exist failed with the following output:
Change Dir: /export/home/urawat/Desktop/TD/src/cmake-build-debug-1/CMakeFiles/CMakeTmp

Run Build Command:"/usr/bin/make" "cmTC_88b12/fast"
/usr/bin/make -f CMakeFiles/cmTC_88b12.dir/build.make CMakeFiles/cmTC_88b12.dir/build
make[1]: Entering directory '/export/home/urawat/Desktop/TD/src/cmake-build-debug-1/CMakeFiles/CMakeTmp'
Building C object CMakeFiles/cmTC_88b12.dir/CheckSymbolExists.c.o
/usr/bin/cc    -fPIC    -o CMakeFiles/cmTC_88b12.dir/CheckSymbolExists.c.o   -c /export/home/urawat/Desktop/TD/src/cmake-build-debug-1/CMakeFiles/CMakeTmp/CheckSymbolExists.c
Linking C executable cmTC_88b12
/usr/bin/cmake -E cmake_link_script CMakeFiles/cmTC_88b12.dir/link.txt --verbose=1
/usr/bin/cc  -fPIC     CMakeFiles/cmTC_88b12.dir/CheckSymbolExists.c.o  -o cmTC_88b12 -rdynamic 
CMakeFiles/cmTC_88b12.dir/CheckSymbolExists.c.o: In function `main':
CheckSymbolExists.c:(.text+0x1b): undefined reference to `pthread_create'
collect2: error: ld returned 1 exit status
CMakeFiles/cmTC_88b12.dir/build.make:97: recipe for target 'cmTC_88b12' failed
make[1]: *** [cmTC_88b12] Error 1
make[1]: Leaving directory '/export/home/urawat/Desktop/TD/src/cmake-build-debug-1/CMakeFiles/CMakeTmp'
Makefile:126: recipe for target 'cmTC_88b12/fast' failed
make: *** [cmTC_88b12/fast] Error 2

File /export/home/urawat/Desktop/TD/src/cmake-build-debug-1/CMakeFiles/CMakeTmp/CheckSymbolExists.c:
/* */
#include <pthread.h>

int main(int argc, char** argv)
{
  (void)argv;
#ifndef pthread_create
  return ((int*)(&pthread_create))[argc];
#else
  (void)argc;
  return 0;
#endif
}

Determining if the function pthread_create exists in the pthreads failed with the following output:
Change Dir: /export/home/urawat/Desktop/TD/src/cmake-build-debug-1/CMakeFiles/CMakeTmp

Run Build Command:"/usr/bin/make" "cmTC_37560/fast"
/usr/bin/make -f CMakeFiles/cmTC_37560.dir/build.make CMakeFiles/cmTC_37560.dir/build
make[1]: Entering directory '/export/home/urawat/Desktop/TD/src/cmake-build-debug-1/CMakeFiles/CMakeTmp'
Building C object CMakeFiles/cmTC_37560.dir/CheckFunctionExists.c.o
/usr/bin/cc    -fPIC -DCHECK_FUNCTION_EXISTS=pthread_create   -o CMakeFiles/cmTC_37560.dir/CheckFunctionExists.c.o   -c /usr/share/cmake-3.5/Modules/CheckFunctionExists.c
Linking C executable cmTC_37560
/usr/bin/cmake -E cmake_link_script CMakeFiles/cmTC_37560.dir/link.txt --verbose=1
/usr/bin/cc  -fPIC -DCHECK_FUNCTION_EXISTS=pthread_create    CMakeFiles/cmTC_37560.dir/CheckFunctionExists.c.o  -o cmTC_37560 -rdynamic -lpthreads 
/usr/bin/ld: cannot find -lpthreads
collect2: error: ld returned 1 exit status
CMakeFiles/cmTC_37560.dir/build.make:97: recipe for target 'cmTC_37560' failed
make[1]: *** [cmTC_37560] Error 1
make[1]: Leaving directory '/export/home/urawat/Desktop/TD/src/cmake-build-debug-1/CMakeFiles/CMakeTmp'
Makefile:126: recipe for target 'cmTC_37560/fast' failed
make: *** [cmTC_37560/fast] Error 2


