Determining if the pthread_create exist failed with the following output:
Change Dir: /export/home/urawat/Desktop/TD_random/src/cmake-build-debug-1/CMakeFiles/CMakeTmp

Run Build Command:"/usr/bin/make" "cmTC_aa722/fast"
/usr/bin/make -f CMakeFiles/cmTC_aa722.dir/build.make CMakeFiles/cmTC_aa722.dir/build
make[1]: Entering directory '/export/home/urawat/Desktop/TD_random/src/cmake-build-debug-1/CMakeFiles/CMakeTmp'
Building C object CMakeFiles/cmTC_aa722.dir/CheckSymbolExists.c.o
/usr/bin/cc    -fPIC    -o CMakeFiles/cmTC_aa722.dir/CheckSymbolExists.c.o   -c /export/home/urawat/Desktop/TD_random/src/cmake-build-debug-1/CMakeFiles/CMakeTmp/CheckSymbolExists.c
Linking C executable cmTC_aa722
/usr/bin/cmake -E cmake_link_script CMakeFiles/cmTC_aa722.dir/link.txt --verbose=1
/usr/bin/cc  -fPIC     CMakeFiles/cmTC_aa722.dir/CheckSymbolExists.c.o  -o cmTC_aa722 -rdynamic 
CMakeFiles/cmTC_aa722.dir/CheckSymbolExists.c.o: In function `main':
CheckSymbolExists.c:(.text+0x1b): undefined reference to `pthread_create'
collect2: error: ld returned 1 exit status
CMakeFiles/cmTC_aa722.dir/build.make:97: recipe for target 'cmTC_aa722' failed
make[1]: *** [cmTC_aa722] Error 1
make[1]: Leaving directory '/export/home/urawat/Desktop/TD_random/src/cmake-build-debug-1/CMakeFiles/CMakeTmp'
Makefile:126: recipe for target 'cmTC_aa722/fast' failed
make: *** [cmTC_aa722/fast] Error 2

File /export/home/urawat/Desktop/TD_random/src/cmake-build-debug-1/CMakeFiles/CMakeTmp/CheckSymbolExists.c:
/* */
#include <pthread.h>

int main(int argc, char** argv)
{
  (void)argv;
#ifndef pthread_create
  return ((int*)(&pthread_create))[argc];
#else
  (void)argc;
  return 0;
#endif
}

Determining if the function pthread_create exists in the pthreads failed with the following output:
Change Dir: /export/home/urawat/Desktop/TD_random/src/cmake-build-debug-1/CMakeFiles/CMakeTmp

Run Build Command:"/usr/bin/make" "cmTC_993f4/fast"
/usr/bin/make -f CMakeFiles/cmTC_993f4.dir/build.make CMakeFiles/cmTC_993f4.dir/build
make[1]: Entering directory '/export/home/urawat/Desktop/TD_random/src/cmake-build-debug-1/CMakeFiles/CMakeTmp'
Building C object CMakeFiles/cmTC_993f4.dir/CheckFunctionExists.c.o
/usr/bin/cc    -fPIC -DCHECK_FUNCTION_EXISTS=pthread_create   -o CMakeFiles/cmTC_993f4.dir/CheckFunctionExists.c.o   -c /usr/share/cmake-3.5/Modules/CheckFunctionExists.c
Linking C executable cmTC_993f4
/usr/bin/cmake -E cmake_link_script CMakeFiles/cmTC_993f4.dir/link.txt --verbose=1
/usr/bin/cc  -fPIC -DCHECK_FUNCTION_EXISTS=pthread_create    CMakeFiles/cmTC_993f4.dir/CheckFunctionExists.c.o  -o cmTC_993f4 -rdynamic -lpthreads 
/usr/bin/ld: cannot find -lpthreads
collect2: error: ld returned 1 exit status
CMakeFiles/cmTC_993f4.dir/build.make:97: recipe for target 'cmTC_993f4' failed
make[1]: *** [cmTC_993f4] Error 1
make[1]: Leaving directory '/export/home/urawat/Desktop/TD_random/src/cmake-build-debug-1/CMakeFiles/CMakeTmp'
Makefile:126: recipe for target 'cmTC_993f4/fast' failed
make: *** [cmTC_993f4/fast] Error 2


