Determining if the Q_WS_WIN exist failed with the following output:
Change Dir: /export/home/urawat/Desktop/RidgeLine/build/CMakeFiles/CMakeTmp

Run Build Command:"/usr/bin/make" "cmTC_07d98/fast"
/usr/bin/make -f CMakeFiles/cmTC_07d98.dir/build.make CMakeFiles/cmTC_07d98.dir/build
make[1]: Entering directory '/export/home/urawat/Desktop/RidgeLine/build/CMakeFiles/CMakeTmp'
Building CXX object CMakeFiles/cmTC_07d98.dir/CheckSymbolExists.cxx.o
/usr/bin/c++    -I/usr/include/qt4   -o CMakeFiles/cmTC_07d98.dir/CheckSymbolExists.cxx.o -c /export/home/urawat/Desktop/RidgeLine/build/CMakeFiles/CMakeTmp/CheckSymbolExists.cxx
/export/home/urawat/Desktop/RidgeLine/build/CMakeFiles/CMakeTmp/CheckSymbolExists.cxx: In function ‘int main(int, char**)’:
/export/home/urawat/Desktop/RidgeLine/build/CMakeFiles/CMakeTmp/CheckSymbolExists.cxx:8:19: error: ‘Q_WS_WIN’ was not declared in this scope
   return ((int*)(&Q_WS_WIN))[argc];
                   ^
CMakeFiles/cmTC_07d98.dir/build.make:65: recipe for target 'CMakeFiles/cmTC_07d98.dir/CheckSymbolExists.cxx.o' failed
make[1]: *** [CMakeFiles/cmTC_07d98.dir/CheckSymbolExists.cxx.o] Error 1
make[1]: Leaving directory '/export/home/urawat/Desktop/RidgeLine/build/CMakeFiles/CMakeTmp'
Makefile:126: recipe for target 'cmTC_07d98/fast' failed
make: *** [cmTC_07d98/fast] Error 2

File /export/home/urawat/Desktop/RidgeLine/build/CMakeFiles/CMakeTmp/CheckSymbolExists.cxx:
/* */
#include <QtCore/qglobal.h>

int main(int argc, char** argv)
{
  (void)argv;
#ifndef Q_WS_WIN
  return ((int*)(&Q_WS_WIN))[argc];
#else
  (void)argc;
  return 0;
#endif
}

Determining if the Q_WS_QWS exist failed with the following output:
Change Dir: /export/home/urawat/Desktop/RidgeLine/build/CMakeFiles/CMakeTmp

Run Build Command:"/usr/bin/make" "cmTC_e5b24/fast"
/usr/bin/make -f CMakeFiles/cmTC_e5b24.dir/build.make CMakeFiles/cmTC_e5b24.dir/build
make[1]: Entering directory '/export/home/urawat/Desktop/RidgeLine/build/CMakeFiles/CMakeTmp'
Building CXX object CMakeFiles/cmTC_e5b24.dir/CheckSymbolExists.cxx.o
/usr/bin/c++    -I/usr/include/qt4   -o CMakeFiles/cmTC_e5b24.dir/CheckSymbolExists.cxx.o -c /export/home/urawat/Desktop/RidgeLine/build/CMakeFiles/CMakeTmp/CheckSymbolExists.cxx
/export/home/urawat/Desktop/RidgeLine/build/CMakeFiles/CMakeTmp/CheckSymbolExists.cxx: In function ‘int main(int, char**)’:
/export/home/urawat/Desktop/RidgeLine/build/CMakeFiles/CMakeTmp/CheckSymbolExists.cxx:8:19: error: ‘Q_WS_QWS’ was not declared in this scope
   return ((int*)(&Q_WS_QWS))[argc];
                   ^
CMakeFiles/cmTC_e5b24.dir/build.make:65: recipe for target 'CMakeFiles/cmTC_e5b24.dir/CheckSymbolExists.cxx.o' failed
make[1]: *** [CMakeFiles/cmTC_e5b24.dir/CheckSymbolExists.cxx.o] Error 1
make[1]: Leaving directory '/export/home/urawat/Desktop/RidgeLine/build/CMakeFiles/CMakeTmp'
Makefile:126: recipe for target 'cmTC_e5b24/fast' failed
make: *** [cmTC_e5b24/fast] Error 2

File /export/home/urawat/Desktop/RidgeLine/build/CMakeFiles/CMakeTmp/CheckSymbolExists.cxx:
/* */
#include <QtCore/qglobal.h>

int main(int argc, char** argv)
{
  (void)argv;
#ifndef Q_WS_QWS
  return ((int*)(&Q_WS_QWS))[argc];
#else
  (void)argc;
  return 0;
#endif
}

Determining if the Q_WS_MAC exist failed with the following output:
Change Dir: /export/home/urawat/Desktop/RidgeLine/build/CMakeFiles/CMakeTmp

Run Build Command:"/usr/bin/make" "cmTC_4ddb8/fast"
/usr/bin/make -f CMakeFiles/cmTC_4ddb8.dir/build.make CMakeFiles/cmTC_4ddb8.dir/build
make[1]: Entering directory '/export/home/urawat/Desktop/RidgeLine/build/CMakeFiles/CMakeTmp'
Building CXX object CMakeFiles/cmTC_4ddb8.dir/CheckSymbolExists.cxx.o
/usr/bin/c++    -I/usr/include/qt4   -o CMakeFiles/cmTC_4ddb8.dir/CheckSymbolExists.cxx.o -c /export/home/urawat/Desktop/RidgeLine/build/CMakeFiles/CMakeTmp/CheckSymbolExists.cxx
/export/home/urawat/Desktop/RidgeLine/build/CMakeFiles/CMakeTmp/CheckSymbolExists.cxx: In function ‘int main(int, char**)’:
/export/home/urawat/Desktop/RidgeLine/build/CMakeFiles/CMakeTmp/CheckSymbolExists.cxx:8:19: error: ‘Q_WS_MAC’ was not declared in this scope
   return ((int*)(&Q_WS_MAC))[argc];
                   ^
CMakeFiles/cmTC_4ddb8.dir/build.make:65: recipe for target 'CMakeFiles/cmTC_4ddb8.dir/CheckSymbolExists.cxx.o' failed
make[1]: *** [CMakeFiles/cmTC_4ddb8.dir/CheckSymbolExists.cxx.o] Error 1
make[1]: Leaving directory '/export/home/urawat/Desktop/RidgeLine/build/CMakeFiles/CMakeTmp'
Makefile:126: recipe for target 'cmTC_4ddb8/fast' failed
make: *** [cmTC_4ddb8/fast] Error 2

File /export/home/urawat/Desktop/RidgeLine/build/CMakeFiles/CMakeTmp/CheckSymbolExists.cxx:
/* */
#include <QtCore/qglobal.h>

int main(int argc, char** argv)
{
  (void)argv;
#ifndef Q_WS_MAC
  return ((int*)(&Q_WS_MAC))[argc];
#else
  (void)argc;
  return 0;
#endif
}

